Timing Analyzer report for LPRS1_CPU
Mon Jan 10 17:43:13 2022
Quartus Prime Version 18.0.0 Build 614 04/24/2018 SJ Lite Edition


---------------------
; Table of Contents ;
---------------------
  1. Legal Notice
  2. Timing Analyzer Summary
  3. Parallel Compilation
  4. SDC File List
  5. Clocks
  6. Slow 1200mV 85C Model Fmax Summary
  7. Slow 1200mV 85C Model Setup Summary
  8. Slow 1200mV 85C Model Hold Summary
  9. Slow 1200mV 85C Model Recovery Summary
 10. Slow 1200mV 85C Model Removal Summary
 11. Slow 1200mV 85C Model Minimum Pulse Width Summary
 12. Slow 1200mV 85C Model Metastability Summary
 13. Slow 1200mV 0C Model Fmax Summary
 14. Slow 1200mV 0C Model Setup Summary
 15. Slow 1200mV 0C Model Hold Summary
 16. Slow 1200mV 0C Model Recovery Summary
 17. Slow 1200mV 0C Model Removal Summary
 18. Slow 1200mV 0C Model Minimum Pulse Width Summary
 19. Slow 1200mV 0C Model Metastability Summary
 20. Fast 1200mV 0C Model Setup Summary
 21. Fast 1200mV 0C Model Hold Summary
 22. Fast 1200mV 0C Model Recovery Summary
 23. Fast 1200mV 0C Model Removal Summary
 24. Fast 1200mV 0C Model Minimum Pulse Width Summary
 25. Fast 1200mV 0C Model Metastability Summary
 26. Multicorner Timing Analysis Summary
 27. Board Trace Model Assignments
 28. Input Transition Times
 29. Signal Integrity Metrics (Slow 1200mv 0c Model)
 30. Signal Integrity Metrics (Slow 1200mv 85c Model)
 31. Signal Integrity Metrics (Fast 1200mv 0c Model)
 32. Setup Transfers
 33. Hold Transfers
 34. Report TCCS
 35. Report RSKM
 36. Unconstrained Paths Summary
 37. Clock Status Summary
 38. Timing Analyzer Messages



----------------
; Legal Notice ;
----------------
Copyright (C) 2018  Intel Corporation. All rights reserved.
Your use of Intel Corporation's design tools, logic functions 
and other software and tools, and its AMPP partner logic 
functions, and any output files from any of the foregoing 
(including device programming or simulation files), and any 
associated documentation or information are expressly subject 
to the terms and conditions of the Intel Program License 
Subscription Agreement, the Intel Quartus Prime License Agreement,
the Intel FPGA IP License Agreement, or other applicable license
agreement, including, without limitation, that your use is for
the sole purpose of programming logic devices manufactured by
Intel and sold by Intel or its authorized distributors.  Please
refer to the applicable agreement for further details.



+-----------------------------------------------------------------------------+
; Timing Analyzer Summary                                                     ;
+-----------------------+-----------------------------------------------------+
; Quartus Prime Version ; Version 18.0.0 Build 614 04/24/2018 SJ Lite Edition ;
; Timing Analyzer       ; Legacy Timing Analyzer                              ;
; Revision Name         ; LPRS1_CPU                                           ;
; Device Family         ; MAX 10                                              ;
; Device Name           ; 10M16SAU169C8G                                      ;
; Timing Models         ; Final                                               ;
; Delay Model           ; Combined                                            ;
; Rise/Fall Delays      ; Enabled                                             ;
+-----------------------+-----------------------------------------------------+


+------------------------------------------+
; Parallel Compilation                     ;
+----------------------------+-------------+
; Processors                 ; Number      ;
+----------------------------+-------------+
; Number detected on machine ; 4           ;
; Maximum allowed            ; 4           ;
;                            ;             ;
; Average used               ; 2.66        ;
; Maximum used               ; 4           ;
;                            ;             ;
; Usage by Processor         ; % Time Used ;
;     Processor 1            ; 100.0%      ;
;     Processor 2            ;  57.3%      ;
;     Processor 3            ;  55.3%      ;
;     Processor 4            ;  53.4%      ;
+----------------------------+-------------+


+----------------------------------------------------------------+
; SDC File List                                                  ;
+----------------------------+--------+--------------------------+
; SDC File Path              ; Status ; Read at                  ;
+----------------------------+--------+--------------------------+
; src/hdl/max1000_timing.sdc ; OK     ; Mon Jan 10 17:43:02 2022 ;
+----------------------------+--------+--------------------------+


+---------------------------------------------------------------------------------------------------------------------------------------------------------------------------------+
; Clocks                                                                                                                                                                          ;
+------------+------+--------+-----------+-------+-------+------------+-----------+-------------+-------+--------+-----------+------------+----------+--------+--------+----------+
; Clock Name ; Type ; Period ; Frequency ; Rise  ; Fall  ; Duty Cycle ; Divide by ; Multiply by ; Phase ; Offset ; Edge List ; Edge Shift ; Inverted ; Master ; Source ; Targets  ;
+------------+------+--------+-----------+-------+-------+------------+-----------+-------------+-------+--------+-----------+------------+----------+--------+--------+----------+
; iCLK       ; Base ; 4.000  ; 250.0 MHz ; 0.000 ; 2.000 ;            ;           ;             ;       ;        ;           ;            ;          ;        ;        ; { iCLK } ;
+------------+------+--------+-----------+-------+-------+------------+-----------+-------------+-------+--------+-----------+------------+----------+--------+--------+----------+


+-------------------------------------------------+
; Slow 1200mV 85C Model Fmax Summary              ;
+-----------+-----------------+------------+------+
; Fmax      ; Restricted Fmax ; Clock Name ; Note ;
+-----------+-----------------+------------+------+
; 38.51 MHz ; 38.51 MHz       ; iCLK       ;      ;
+-----------+-----------------+------------+------+
This panel reports FMAX for every clock in the design, regardless of the user-specified clock periods.  FMAX is only computed for paths where the source and destination registers or ports are driven by the same clock.  Paths of different clocks, including generated clocks, are ignored.  For paths between a clock and its inversion, FMAX is computed as if the rising and falling edges are scaled along with FMAX, such that the duty cycle (in terms of a percentage) is maintained. Altera recommends that you always use clock constraints and other slack reports for sign-off analysis.


+-------------------------------------+
; Slow 1200mV 85C Model Setup Summary ;
+-------+---------+-------------------+
; Clock ; Slack   ; End Point TNS     ;
+-------+---------+-------------------+
; iCLK  ; -21.964 ; -80353.647        ;
+-------+---------+-------------------+


+------------------------------------+
; Slow 1200mV 85C Model Hold Summary ;
+-------+-------+--------------------+
; Clock ; Slack ; End Point TNS      ;
+-------+-------+--------------------+
; iCLK  ; 0.713 ; 0.000              ;
+-------+-------+--------------------+


------------------------------------------
; Slow 1200mV 85C Model Recovery Summary ;
------------------------------------------
No paths to report.


-----------------------------------------
; Slow 1200mV 85C Model Removal Summary ;
-----------------------------------------
No paths to report.


+---------------------------------------------------+
; Slow 1200mV 85C Model Minimum Pulse Width Summary ;
+-------+-------+-----------------------------------+
; Clock ; Slack ; End Point TNS                     ;
+-------+-------+-----------------------------------+
; iCLK  ; 0.000 ; 0.000                             ;
+-------+-------+-----------------------------------+


-----------------------------------------------
; Slow 1200mV 85C Model Metastability Summary ;
-----------------------------------------------
No synchronizer chains to report.


+-------------------------------------------------+
; Slow 1200mV 0C Model Fmax Summary               ;
+-----------+-----------------+------------+------+
; Fmax      ; Restricted Fmax ; Clock Name ; Note ;
+-----------+-----------------+------------+------+
; 40.14 MHz ; 40.14 MHz       ; iCLK       ;      ;
+-----------+-----------------+------------+------+
This panel reports FMAX for every clock in the design, regardless of the user-specified clock periods.  FMAX is only computed for paths where the source and destination registers or ports are driven by the same clock.  Paths of different clocks, including generated clocks, are ignored.  For paths between a clock and its inversion, FMAX is computed as if the rising and falling edges are scaled along with FMAX, such that the duty cycle (in terms of a percentage) is maintained. Altera recommends that you always use clock constraints and other slack reports for sign-off analysis.


+------------------------------------+
; Slow 1200mV 0C Model Setup Summary ;
+-------+---------+------------------+
; Clock ; Slack   ; End Point TNS    ;
+-------+---------+------------------+
; iCLK  ; -20.910 ; -75914.990       ;
+-------+---------+------------------+


+-----------------------------------+
; Slow 1200mV 0C Model Hold Summary ;
+-------+-------+-------------------+
; Clock ; Slack ; End Point TNS     ;
+-------+-------+-------------------+
; iCLK  ; 0.654 ; 0.000             ;
+-------+-------+-------------------+


-----------------------------------------
; Slow 1200mV 0C Model Recovery Summary ;
-----------------------------------------
No paths to report.


----------------------------------------
; Slow 1200mV 0C Model Removal Summary ;
----------------------------------------
No paths to report.


+--------------------------------------------------+
; Slow 1200mV 0C Model Minimum Pulse Width Summary ;
+-------+-------+----------------------------------+
; Clock ; Slack ; End Point TNS                    ;
+-------+-------+----------------------------------+
; iCLK  ; 0.000 ; 0.000                            ;
+-------+-------+----------------------------------+


----------------------------------------------
; Slow 1200mV 0C Model Metastability Summary ;
----------------------------------------------
No synchronizer chains to report.


+------------------------------------+
; Fast 1200mV 0C Model Setup Summary ;
+-------+--------+-------------------+
; Clock ; Slack  ; End Point TNS     ;
+-------+--------+-------------------+
; iCLK  ; -6.682 ; -22920.536        ;
+-------+--------+-------------------+


+-----------------------------------+
; Fast 1200mV 0C Model Hold Summary ;
+-------+-------+-------------------+
; Clock ; Slack ; End Point TNS     ;
+-------+-------+-------------------+
; iCLK  ; 0.252 ; 0.000             ;
+-------+-------+-------------------+


-----------------------------------------
; Fast 1200mV 0C Model Recovery Summary ;
-----------------------------------------
No paths to report.


----------------------------------------
; Fast 1200mV 0C Model Removal Summary ;
----------------------------------------
No paths to report.


+--------------------------------------------------+
; Fast 1200mV 0C Model Minimum Pulse Width Summary ;
+-------+-------+----------------------------------+
; Clock ; Slack ; End Point TNS                    ;
+-------+-------+----------------------------------+
; iCLK  ; 0.000 ; 0.000                            ;
+-------+-------+----------------------------------+


----------------------------------------------
; Fast 1200mV 0C Model Metastability Summary ;
----------------------------------------------
No synchronizer chains to report.


+----------------------------------------------------------------------------------+
; Multicorner Timing Analysis Summary                                              ;
+------------------+------------+-------+----------+---------+---------------------+
; Clock            ; Setup      ; Hold  ; Recovery ; Removal ; Minimum Pulse Width ;
+------------------+------------+-------+----------+---------+---------------------+
; Worst-case Slack ; -21.964    ; 0.252 ; N/A      ; N/A     ; 0.000               ;
;  iCLK            ; -21.964    ; 0.252 ; N/A      ; N/A     ; 0.000               ;
; Design-wide TNS  ; -80353.647 ; 0.0   ; 0.0      ; 0.0     ; 0.0                 ;
;  iCLK            ; -80353.647 ; 0.000 ; N/A      ; N/A     ; 0.000               ;
+------------------+------------+-------+----------+---------+---------------------+


+-----------------------------------------------------------------------------------------------------------------------------------------------------------------------------------------------------------------------------------------------------------------------------------------------------------------------------------------------------------------------------------------------------------------+
; Board Trace Model Assignments                                                                                                                                                                                                                                                                                                                                                                                   ;
+--------------+--------------+-------------------+-------------------------+-------------------------+---------------+---------------------+----------------+------------------+--------+------------------+------------------------+------------------------+--------------+---------------+-----------------+-------+---------------------+--------------------+---------------+-----------------+-------------+
; Pin          ; I/O Standard ; Near Tline Length ; Near Tline L per Length ; Near Tline C per Length ; Near Series R ; Near Differential R ; Near Pull-up R ; Near Pull-down R ; Near C ; Far Tline Length ; Far Tline L per Length ; Far Tline C per Length ; Far Series R ; Far Pull-up R ; Far Pull-down R ; Far C ; Termination Voltage ; Far Differential R ; EBD File Name ; EBD Signal Name ; EBD Far-end ;
+--------------+--------------+-------------------+-------------------------+-------------------------+---------------+---------------------+----------------+------------------+--------+------------------+------------------------+------------------------+--------------+---------------+-----------------+-------+---------------------+--------------------+---------------+-----------------+-------------+
; oLED[0]      ; 3.3-V LVCMOS ; 0 in              ; 0 H/in                  ; 0 F/in                  ; short         ; -                   ; open           ; open             ; open   ; 0 in             ; 0 H/in                 ; 0 F/in                 ; short        ; open          ; open            ; open  ; 0 V                 ; -                  ; n/a           ; n/a             ; n/a         ;
; oLED[1]      ; 3.3-V LVCMOS ; 0 in              ; 0 H/in                  ; 0 F/in                  ; short         ; -                   ; open           ; open             ; open   ; 0 in             ; 0 H/in                 ; 0 F/in                 ; short        ; open          ; open            ; open  ; 0 V                 ; -                  ; n/a           ; n/a             ; n/a         ;
; oLED[2]      ; 3.3-V LVCMOS ; 0 in              ; 0 H/in                  ; 0 F/in                  ; short         ; -                   ; open           ; open             ; open   ; 0 in             ; 0 H/in                 ; 0 F/in                 ; short        ; open          ; open            ; open  ; 0 V                 ; -                  ; n/a           ; n/a             ; n/a         ;
; oLED[3]      ; 3.3-V LVCMOS ; 0 in              ; 0 H/in                  ; 0 F/in                  ; short         ; -                   ; open           ; open             ; open   ; 0 in             ; 0 H/in                 ; 0 F/in                 ; short        ; open          ; open            ; open  ; 0 V                 ; -                  ; n/a           ; n/a             ; n/a         ;
; oLED[4]      ; 3.3-V LVCMOS ; 0 in              ; 0 H/in                  ; 0 F/in                  ; short         ; -                   ; open           ; open             ; open   ; 0 in             ; 0 H/in                 ; 0 F/in                 ; short        ; open          ; open            ; open  ; 0 V                 ; -                  ; n/a           ; n/a             ; n/a         ;
; oLED[5]      ; 3.3-V LVCMOS ; 0 in              ; 0 H/in                  ; 0 F/in                  ; short         ; -                   ; open           ; open             ; open   ; 0 in             ; 0 H/in                 ; 0 F/in                 ; short        ; open          ; open            ; open  ; 0 V                 ; -                  ; n/a           ; n/a             ; n/a         ;
; oLED[6]      ; 3.3-V LVCMOS ; 0 in              ; 0 H/in                  ; 0 F/in                  ; short         ; -                   ; open           ; open             ; open   ; 0 in             ; 0 H/in                 ; 0 F/in                 ; short        ; open          ; open            ; open  ; 0 V                 ; -                  ; n/a           ; n/a             ; n/a         ;
; oLED[7]      ; 3.3-V LVCMOS ; 0 in              ; 0 H/in                  ; 0 F/in                  ; short         ; -                   ; open           ; open             ; open   ; 0 in             ; 0 H/in                 ; 0 F/in                 ; short        ; open          ; open            ; open  ; 0 V                 ; -                  ; n/a           ; n/a             ; n/a         ;
; oLED[8]      ; 3.3-V LVCMOS ; 0 in              ; 0 H/in                  ; 0 F/in                  ; short         ; -                   ; open           ; open             ; open   ; 0 in             ; 0 H/in                 ; 0 F/in                 ; short        ; open          ; open            ; open  ; 0 V                 ; -                  ; n/a           ; n/a             ; n/a         ;
; oLED[9]      ; 3.3-V LVCMOS ; 0 in              ; 0 H/in                  ; 0 F/in                  ; short         ; -                   ; open           ; open             ; open   ; 0 in             ; 0 H/in                 ; 0 F/in                 ; short        ; open          ; open            ; open  ; 0 V                 ; -                  ; n/a           ; n/a             ; n/a         ;
; oLED[10]     ; 3.3-V LVCMOS ; 0 in              ; 0 H/in                  ; 0 F/in                  ; short         ; -                   ; open           ; open             ; open   ; 0 in             ; 0 H/in                 ; 0 F/in                 ; short        ; open          ; open            ; open  ; 0 V                 ; -                  ; n/a           ; n/a             ; n/a         ;
; oLED[11]     ; 3.3-V LVCMOS ; 0 in              ; 0 H/in                  ; 0 F/in                  ; short         ; -                   ; open           ; open             ; open   ; 0 in             ; 0 H/in                 ; 0 F/in                 ; short        ; open          ; open            ; open  ; 0 V                 ; -                  ; n/a           ; n/a             ; n/a         ;
; oLED[12]     ; 3.3-V LVCMOS ; 0 in              ; 0 H/in                  ; 0 F/in                  ; short         ; -                   ; open           ; open             ; open   ; 0 in             ; 0 H/in                 ; 0 F/in                 ; short        ; open          ; open            ; open  ; 0 V                 ; -                  ; n/a           ; n/a             ; n/a         ;
; oLED[13]     ; 3.3-V LVCMOS ; 0 in              ; 0 H/in                  ; 0 F/in                  ; short         ; -                   ; open           ; open             ; open   ; 0 in             ; 0 H/in                 ; 0 F/in                 ; short        ; open          ; open            ; open  ; 0 V                 ; -                  ; n/a           ; n/a             ; n/a         ;
; oLED[14]     ; 3.3-V LVCMOS ; 0 in              ; 0 H/in                  ; 0 F/in                  ; short         ; -                   ; open           ; open             ; open   ; 0 in             ; 0 H/in                 ; 0 F/in                 ; short        ; open          ; open            ; open  ; 0 V                 ; -                  ; n/a           ; n/a             ; n/a         ;
; oLED[15]     ; 3.3-V LVCMOS ; 0 in              ; 0 H/in                  ; 0 F/in                  ; short         ; -                   ; open           ; open             ; open   ; 0 in             ; 0 H/in                 ; 0 F/in                 ; short        ; open          ; open            ; open  ; 0 V                 ; -                  ; n/a           ; n/a             ; n/a         ;
; ~ALTERA_TDO~ ; 3.3-V LVCMOS ; 0 in              ; 0 H/in                  ; 0 F/in                  ; short         ; -                   ; open           ; open             ; open   ; 0 in             ; 0 H/in                 ; 0 F/in                 ; short        ; open          ; open            ; open  ; 0 V                 ; -                  ; n/a           ; n/a             ; n/a         ;
+--------------+--------------+-------------------+-------------------------+-------------------------+---------------+---------------------+----------------+------------------+--------+------------------+------------------------+------------------------+--------------+---------------+-----------------+-------+---------------------+--------------------+---------------+-----------------+-------------+


+---------------------------------------------------------------------------------+
; Input Transition Times                                                          ;
+---------------------+-----------------------+-----------------+-----------------+
; Pin                 ; I/O Standard          ; 10-90 Rise Time ; 90-10 Fall Time ;
+---------------------+-----------------------+-----------------+-----------------+
; iCLK                ; 3.3-V LVCMOS          ; 2640 ps         ; 2640 ps         ;
; inRST               ; 3.3-V LVCMOS          ; 2640 ps         ; 2640 ps         ;
; ~ALTERA_TMS~        ; 3.3 V Schmitt Trigger ; 2640 ps         ; 2640 ps         ;
; ~ALTERA_TCK~        ; 3.3 V Schmitt Trigger ; 2640 ps         ; 2640 ps         ;
; ~ALTERA_TDI~        ; 3.3 V Schmitt Trigger ; 2640 ps         ; 2640 ps         ;
; ~ALTERA_CONFIG_SEL~ ; 3.3-V LVCMOS          ; 2640 ps         ; 2640 ps         ;
; ~ALTERA_nCONFIG~    ; 3.3 V Schmitt Trigger ; 2640 ps         ; 2640 ps         ;
; ~ALTERA_nSTATUS~    ; 3.3 V Schmitt Trigger ; 2640 ps         ; 2640 ps         ;
; ~ALTERA_CONF_DONE~  ; 3.3 V Schmitt Trigger ; 2640 ps         ; 2640 ps         ;
+---------------------+-----------------------+-----------------+-----------------+


+-------------------------------------------------------------------------------------------------------------------------------------------------------------------------------------------------------------------------------------------------------------------------------------------------------------------------------------------------------------------------------------------------------------------------------------------------------------------------------------------------------------------------------------------------------------------------------------------------------------------------------------------------------------------------------------------+
; Signal Integrity Metrics (Slow 1200mv 0c Model)                                                                                                                                                                                                                                                                                                                                                                                                                                                                                                                                                                                                                                           ;
+--------------+--------------+---------------------+---------------------+------------------------------+------------------------------+---------------------+---------------------+--------------------------------------+--------------------------------------+-----------------------------+-----------------------------+----------------------------+----------------------------+-----------------------------+-----------------------------+--------------------+--------------------+-------------------------------------+-------------------------------------+----------------------------+----------------------------+---------------------------+---------------------------+
; Pin          ; I/O Standard ; Board Delay on Rise ; Board Delay on Fall ; Steady State Voh at FPGA Pin ; Steady State Vol at FPGA Pin ; Voh Max at FPGA Pin ; Vol Min at FPGA Pin ; Ringback Voltage on Rise at FPGA Pin ; Ringback Voltage on Fall at FPGA Pin ; 10-90 Rise Time at FPGA Pin ; 90-10 Fall Time at FPGA Pin ; Monotonic Rise at FPGA Pin ; Monotonic Fall at FPGA Pin ; Steady State Voh at Far-end ; Steady State Vol at Far-end ; Voh Max at Far-end ; Vol Min at Far-end ; Ringback Voltage on Rise at Far-end ; Ringback Voltage on Fall at Far-end ; 10-90 Rise Time at Far-end ; 90-10 Fall Time at Far-end ; Monotonic Rise at Far-end ; Monotonic Fall at Far-end ;
+--------------+--------------+---------------------+---------------------+------------------------------+------------------------------+---------------------+---------------------+--------------------------------------+--------------------------------------+-----------------------------+-----------------------------+----------------------------+----------------------------+-----------------------------+-----------------------------+--------------------+--------------------+-------------------------------------+-------------------------------------+----------------------------+----------------------------+---------------------------+---------------------------+
; oLED[0]      ; 3.3-V LVCMOS ; 0 s                 ; 0 s                 ; 3.08 V                       ; 3.68e-08 V                   ; 3.12 V              ; -0.0463 V           ; 0.208 V                              ; 0.277 V                              ; 8.5e-10 s                   ; 8.53e-10 s                  ; No                         ; No                         ; 3.08 V                      ; 3.68e-08 V                  ; 3.12 V             ; -0.0463 V          ; 0.208 V                             ; 0.277 V                             ; 8.5e-10 s                  ; 8.53e-10 s                 ; No                        ; No                        ;
; oLED[1]      ; 3.3-V LVCMOS ; 0 s                 ; 0 s                 ; 3.08 V                       ; 3.68e-08 V                   ; 3.12 V              ; -0.0463 V           ; 0.208 V                              ; 0.277 V                              ; 8.5e-10 s                   ; 8.53e-10 s                  ; No                         ; No                         ; 3.08 V                      ; 3.68e-08 V                  ; 3.12 V             ; -0.0463 V          ; 0.208 V                             ; 0.277 V                             ; 8.5e-10 s                  ; 8.53e-10 s                 ; No                        ; No                        ;
; oLED[2]      ; 3.3-V LVCMOS ; 0 s                 ; 0 s                 ; 3.08 V                       ; 3.68e-08 V                   ; 3.12 V              ; -0.0464 V           ; 0.207 V                              ; 0.276 V                              ; 8.51e-10 s                  ; 8.52e-10 s                  ; No                         ; No                         ; 3.08 V                      ; 3.68e-08 V                  ; 3.12 V             ; -0.0464 V          ; 0.207 V                             ; 0.276 V                             ; 8.51e-10 s                 ; 8.52e-10 s                 ; No                        ; No                        ;
; oLED[3]      ; 3.3-V LVCMOS ; 0 s                 ; 0 s                 ; 3.08 V                       ; 3.68e-08 V                   ; 3.12 V              ; -0.0463 V           ; 0.208 V                              ; 0.277 V                              ; 8.5e-10 s                   ; 8.53e-10 s                  ; No                         ; No                         ; 3.08 V                      ; 3.68e-08 V                  ; 3.12 V             ; -0.0463 V          ; 0.208 V                             ; 0.277 V                             ; 8.5e-10 s                  ; 8.53e-10 s                 ; No                        ; No                        ;
; oLED[4]      ; 3.3-V LVCMOS ; 0 s                 ; 0 s                 ; 3.08 V                       ; 3.68e-08 V                   ; 3.12 V              ; -0.0464 V           ; 0.207 V                              ; 0.276 V                              ; 8.51e-10 s                  ; 8.52e-10 s                  ; No                         ; No                         ; 3.08 V                      ; 3.68e-08 V                  ; 3.12 V             ; -0.0464 V          ; 0.207 V                             ; 0.276 V                             ; 8.51e-10 s                 ; 8.52e-10 s                 ; No                        ; No                        ;
; oLED[5]      ; 3.3-V LVCMOS ; 0 s                 ; 0 s                 ; 3.08 V                       ; 3.68e-08 V                   ; 3.12 V              ; -0.0464 V           ; 0.207 V                              ; 0.276 V                              ; 8.51e-10 s                  ; 8.52e-10 s                  ; No                         ; No                         ; 3.08 V                      ; 3.68e-08 V                  ; 3.12 V             ; -0.0464 V          ; 0.207 V                             ; 0.276 V                             ; 8.51e-10 s                 ; 8.52e-10 s                 ; No                        ; No                        ;
; oLED[6]      ; 3.3-V LVCMOS ; 0 s                 ; 0 s                 ; 3.08 V                       ; 3.68e-08 V                   ; 3.12 V              ; -0.0464 V           ; 0.207 V                              ; 0.276 V                              ; 8.51e-10 s                  ; 8.52e-10 s                  ; No                         ; No                         ; 3.08 V                      ; 3.68e-08 V                  ; 3.12 V             ; -0.0464 V          ; 0.207 V                             ; 0.276 V                             ; 8.51e-10 s                 ; 8.52e-10 s                 ; No                        ; No                        ;
; oLED[7]      ; 3.3-V LVCMOS ; 0 s                 ; 0 s                 ; 3.08 V                       ; 3.68e-08 V                   ; 3.12 V              ; -0.0463 V           ; 0.208 V                              ; 0.277 V                              ; 8.5e-10 s                   ; 8.53e-10 s                  ; No                         ; No                         ; 3.08 V                      ; 3.68e-08 V                  ; 3.12 V             ; -0.0463 V          ; 0.208 V                             ; 0.277 V                             ; 8.5e-10 s                  ; 8.53e-10 s                 ; No                        ; No                        ;
; oLED[8]      ; 3.3-V LVCMOS ; 0 s                 ; 0 s                 ; 3.08 V                       ; 3.68e-08 V                   ; 3.12 V              ; -0.0463 V           ; 0.208 V                              ; 0.277 V                              ; 8.5e-10 s                   ; 8.53e-10 s                  ; No                         ; No                         ; 3.08 V                      ; 3.68e-08 V                  ; 3.12 V             ; -0.0463 V          ; 0.208 V                             ; 0.277 V                             ; 8.5e-10 s                  ; 8.53e-10 s                 ; No                        ; No                        ;
; oLED[9]      ; 3.3-V LVCMOS ; 0 s                 ; 0 s                 ; 3.08 V                       ; 3.68e-08 V                   ; 3.12 V              ; -0.0464 V           ; 0.207 V                              ; 0.276 V                              ; 8.51e-10 s                  ; 8.52e-10 s                  ; No                         ; No                         ; 3.08 V                      ; 3.68e-08 V                  ; 3.12 V             ; -0.0464 V          ; 0.207 V                             ; 0.276 V                             ; 8.51e-10 s                 ; 8.52e-10 s                 ; No                        ; No                        ;
; oLED[10]     ; 3.3-V LVCMOS ; 0 s                 ; 0 s                 ; 3.08 V                       ; 3.68e-08 V                   ; 3.12 V              ; -0.0464 V           ; 0.207 V                              ; 0.276 V                              ; 8.51e-10 s                  ; 8.52e-10 s                  ; No                         ; No                         ; 3.08 V                      ; 3.68e-08 V                  ; 3.12 V             ; -0.0464 V          ; 0.207 V                             ; 0.276 V                             ; 8.51e-10 s                 ; 8.52e-10 s                 ; No                        ; No                        ;
; oLED[11]     ; 3.3-V LVCMOS ; 0 s                 ; 0 s                 ; 3.08 V                       ; 3.68e-08 V                   ; 3.08 V              ; -0.000563 V         ; 0.296 V                              ; 0.228 V                              ; 8.56e-09 s                  ; 8.71e-09 s                  ; No                         ; Yes                        ; 3.08 V                      ; 3.68e-08 V                  ; 3.08 V             ; -0.000563 V        ; 0.296 V                             ; 0.228 V                             ; 8.56e-09 s                 ; 8.71e-09 s                 ; No                        ; Yes                       ;
; oLED[12]     ; 3.3-V LVCMOS ; 0 s                 ; 0 s                 ; 3.08 V                       ; 3.68e-08 V                   ; 3.12 V              ; -0.0464 V           ; 0.207 V                              ; 0.276 V                              ; 8.51e-10 s                  ; 8.52e-10 s                  ; No                         ; No                         ; 3.08 V                      ; 3.68e-08 V                  ; 3.12 V             ; -0.0464 V          ; 0.207 V                             ; 0.276 V                             ; 8.51e-10 s                 ; 8.52e-10 s                 ; No                        ; No                        ;
; oLED[13]     ; 3.3-V LVCMOS ; 0 s                 ; 0 s                 ; 3.08 V                       ; 3.68e-08 V                   ; 3.12 V              ; -0.0463 V           ; 0.208 V                              ; 0.277 V                              ; 8.5e-10 s                   ; 8.53e-10 s                  ; No                         ; No                         ; 3.08 V                      ; 3.68e-08 V                  ; 3.12 V             ; -0.0463 V          ; 0.208 V                             ; 0.277 V                             ; 8.5e-10 s                  ; 8.53e-10 s                 ; No                        ; No                        ;
; oLED[14]     ; 3.3-V LVCMOS ; 0 s                 ; 0 s                 ; 3.08 V                       ; 3.68e-08 V                   ; 3.12 V              ; -0.0464 V           ; 0.207 V                              ; 0.276 V                              ; 8.51e-10 s                  ; 8.52e-10 s                  ; No                         ; No                         ; 3.08 V                      ; 3.68e-08 V                  ; 3.12 V             ; -0.0464 V          ; 0.207 V                             ; 0.276 V                             ; 8.51e-10 s                 ; 8.52e-10 s                 ; No                        ; No                        ;
; oLED[15]     ; 3.3-V LVCMOS ; 0 s                 ; 0 s                 ; 3.08 V                       ; 3.68e-08 V                   ; 3.12 V              ; -0.0463 V           ; 0.208 V                              ; 0.277 V                              ; 8.5e-10 s                   ; 8.53e-10 s                  ; No                         ; No                         ; 3.08 V                      ; 3.68e-08 V                  ; 3.12 V             ; -0.0463 V          ; 0.208 V                             ; 0.277 V                             ; 8.5e-10 s                  ; 8.53e-10 s                 ; No                        ; No                        ;
; ~ALTERA_TDO~ ; 3.3-V LVCMOS ; 0 s                 ; 0 s                 ; 3.08 V                       ; 2.08e-08 V                   ; 3.19 V              ; -0.126 V            ; 0.218 V                              ; 0.383 V                              ; 4.51e-10 s                  ; 4.73e-10 s                  ; No                         ; No                         ; 3.08 V                      ; 2.08e-08 V                  ; 3.19 V             ; -0.126 V           ; 0.218 V                             ; 0.383 V                             ; 4.51e-10 s                 ; 4.73e-10 s                 ; No                        ; No                        ;
+--------------+--------------+---------------------+---------------------+------------------------------+------------------------------+---------------------+---------------------+--------------------------------------+--------------------------------------+-----------------------------+-----------------------------+----------------------------+----------------------------+-----------------------------+-----------------------------+--------------------+--------------------+-------------------------------------+-------------------------------------+----------------------------+----------------------------+---------------------------+---------------------------+


+-------------------------------------------------------------------------------------------------------------------------------------------------------------------------------------------------------------------------------------------------------------------------------------------------------------------------------------------------------------------------------------------------------------------------------------------------------------------------------------------------------------------------------------------------------------------------------------------------------------------------------------------------------------------------------------------+
; Signal Integrity Metrics (Slow 1200mv 85c Model)                                                                                                                                                                                                                                                                                                                                                                                                                                                                                                                                                                                                                                          ;
+--------------+--------------+---------------------+---------------------+------------------------------+------------------------------+---------------------+---------------------+--------------------------------------+--------------------------------------+-----------------------------+-----------------------------+----------------------------+----------------------------+-----------------------------+-----------------------------+--------------------+--------------------+-------------------------------------+-------------------------------------+----------------------------+----------------------------+---------------------------+---------------------------+
; Pin          ; I/O Standard ; Board Delay on Rise ; Board Delay on Fall ; Steady State Voh at FPGA Pin ; Steady State Vol at FPGA Pin ; Voh Max at FPGA Pin ; Vol Min at FPGA Pin ; Ringback Voltage on Rise at FPGA Pin ; Ringback Voltage on Fall at FPGA Pin ; 10-90 Rise Time at FPGA Pin ; 90-10 Fall Time at FPGA Pin ; Monotonic Rise at FPGA Pin ; Monotonic Fall at FPGA Pin ; Steady State Voh at Far-end ; Steady State Vol at Far-end ; Voh Max at Far-end ; Vol Min at Far-end ; Ringback Voltage on Rise at Far-end ; Ringback Voltage on Fall at Far-end ; 10-90 Rise Time at Far-end ; 90-10 Fall Time at Far-end ; Monotonic Rise at Far-end ; Monotonic Fall at Far-end ;
+--------------+--------------+---------------------+---------------------+------------------------------+------------------------------+---------------------+---------------------+--------------------------------------+--------------------------------------+-----------------------------+-----------------------------+----------------------------+----------------------------+-----------------------------+-----------------------------+--------------------+--------------------+-------------------------------------+-------------------------------------+----------------------------+----------------------------+---------------------------+---------------------------+
; oLED[0]      ; 3.3-V LVCMOS ; 0 s                 ; 0 s                 ; 3.08 V                       ; 2.3e-06 V                    ; 3.1 V               ; -0.0199 V           ; 0.191 V                              ; 0.262 V                              ; 1.03e-09 s                  ; 1.05e-09 s                  ; Yes                        ; Yes                        ; 3.08 V                      ; 2.3e-06 V                   ; 3.1 V              ; -0.0199 V          ; 0.191 V                             ; 0.262 V                             ; 1.03e-09 s                 ; 1.05e-09 s                 ; Yes                       ; Yes                       ;
; oLED[1]      ; 3.3-V LVCMOS ; 0 s                 ; 0 s                 ; 3.08 V                       ; 2.3e-06 V                    ; 3.1 V               ; -0.0199 V           ; 0.191 V                              ; 0.262 V                              ; 1.03e-09 s                  ; 1.05e-09 s                  ; Yes                        ; Yes                        ; 3.08 V                      ; 2.3e-06 V                   ; 3.1 V              ; -0.0199 V          ; 0.191 V                             ; 0.262 V                             ; 1.03e-09 s                 ; 1.05e-09 s                 ; Yes                       ; Yes                       ;
; oLED[2]      ; 3.3-V LVCMOS ; 0 s                 ; 0 s                 ; 3.08 V                       ; 2.3e-06 V                    ; 3.1 V               ; -0.0196 V           ; 0.191 V                              ; 0.261 V                              ; 1.03e-09 s                  ; 1.05e-09 s                  ; Yes                        ; Yes                        ; 3.08 V                      ; 2.3e-06 V                   ; 3.1 V              ; -0.0196 V          ; 0.191 V                             ; 0.261 V                             ; 1.03e-09 s                 ; 1.05e-09 s                 ; Yes                       ; Yes                       ;
; oLED[3]      ; 3.3-V LVCMOS ; 0 s                 ; 0 s                 ; 3.08 V                       ; 2.3e-06 V                    ; 3.1 V               ; -0.0199 V           ; 0.191 V                              ; 0.262 V                              ; 1.03e-09 s                  ; 1.05e-09 s                  ; Yes                        ; Yes                        ; 3.08 V                      ; 2.3e-06 V                   ; 3.1 V              ; -0.0199 V          ; 0.191 V                             ; 0.262 V                             ; 1.03e-09 s                 ; 1.05e-09 s                 ; Yes                       ; Yes                       ;
; oLED[4]      ; 3.3-V LVCMOS ; 0 s                 ; 0 s                 ; 3.08 V                       ; 2.3e-06 V                    ; 3.1 V               ; -0.0196 V           ; 0.191 V                              ; 0.261 V                              ; 1.03e-09 s                  ; 1.05e-09 s                  ; Yes                        ; Yes                        ; 3.08 V                      ; 2.3e-06 V                   ; 3.1 V              ; -0.0196 V          ; 0.191 V                             ; 0.261 V                             ; 1.03e-09 s                 ; 1.05e-09 s                 ; Yes                       ; Yes                       ;
; oLED[5]      ; 3.3-V LVCMOS ; 0 s                 ; 0 s                 ; 3.08 V                       ; 2.3e-06 V                    ; 3.1 V               ; -0.0196 V           ; 0.191 V                              ; 0.261 V                              ; 1.03e-09 s                  ; 1.05e-09 s                  ; Yes                        ; Yes                        ; 3.08 V                      ; 2.3e-06 V                   ; 3.1 V              ; -0.0196 V          ; 0.191 V                             ; 0.261 V                             ; 1.03e-09 s                 ; 1.05e-09 s                 ; Yes                       ; Yes                       ;
; oLED[6]      ; 3.3-V LVCMOS ; 0 s                 ; 0 s                 ; 3.08 V                       ; 2.3e-06 V                    ; 3.1 V               ; -0.0196 V           ; 0.191 V                              ; 0.261 V                              ; 1.03e-09 s                  ; 1.05e-09 s                  ; Yes                        ; Yes                        ; 3.08 V                      ; 2.3e-06 V                   ; 3.1 V              ; -0.0196 V          ; 0.191 V                             ; 0.261 V                             ; 1.03e-09 s                 ; 1.05e-09 s                 ; Yes                       ; Yes                       ;
; oLED[7]      ; 3.3-V LVCMOS ; 0 s                 ; 0 s                 ; 3.08 V                       ; 2.3e-06 V                    ; 3.1 V               ; -0.0199 V           ; 0.191 V                              ; 0.262 V                              ; 1.03e-09 s                  ; 1.05e-09 s                  ; Yes                        ; Yes                        ; 3.08 V                      ; 2.3e-06 V                   ; 3.1 V              ; -0.0199 V          ; 0.191 V                             ; 0.262 V                             ; 1.03e-09 s                 ; 1.05e-09 s                 ; Yes                       ; Yes                       ;
; oLED[8]      ; 3.3-V LVCMOS ; 0 s                 ; 0 s                 ; 3.08 V                       ; 2.3e-06 V                    ; 3.1 V               ; -0.0199 V           ; 0.191 V                              ; 0.262 V                              ; 1.03e-09 s                  ; 1.05e-09 s                  ; Yes                        ; Yes                        ; 3.08 V                      ; 2.3e-06 V                   ; 3.1 V              ; -0.0199 V          ; 0.191 V                             ; 0.262 V                             ; 1.03e-09 s                 ; 1.05e-09 s                 ; Yes                       ; Yes                       ;
; oLED[9]      ; 3.3-V LVCMOS ; 0 s                 ; 0 s                 ; 3.08 V                       ; 2.3e-06 V                    ; 3.1 V               ; -0.0196 V           ; 0.191 V                              ; 0.261 V                              ; 1.03e-09 s                  ; 1.05e-09 s                  ; Yes                        ; Yes                        ; 3.08 V                      ; 2.3e-06 V                   ; 3.1 V              ; -0.0196 V          ; 0.191 V                             ; 0.261 V                             ; 1.03e-09 s                 ; 1.05e-09 s                 ; Yes                       ; Yes                       ;
; oLED[10]     ; 3.3-V LVCMOS ; 0 s                 ; 0 s                 ; 3.08 V                       ; 2.3e-06 V                    ; 3.1 V               ; -0.0196 V           ; 0.191 V                              ; 0.261 V                              ; 1.03e-09 s                  ; 1.05e-09 s                  ; Yes                        ; Yes                        ; 3.08 V                      ; 2.3e-06 V                   ; 3.1 V              ; -0.0196 V          ; 0.191 V                             ; 0.261 V                             ; 1.03e-09 s                 ; 1.05e-09 s                 ; Yes                       ; Yes                       ;
; oLED[11]     ; 3.3-V LVCMOS ; 0 s                 ; 0 s                 ; 3.08 V                       ; 2.3e-06 V                    ; 3.08 V              ; 2.3e-06 V           ; 0.15 V                               ; 0.118 V                              ; 1.03e-08 s                  ; 1.07e-08 s                  ; Yes                        ; Yes                        ; 3.08 V                      ; 2.3e-06 V                   ; 3.08 V             ; 2.3e-06 V          ; 0.15 V                              ; 0.118 V                             ; 1.03e-08 s                 ; 1.07e-08 s                 ; Yes                       ; Yes                       ;
; oLED[12]     ; 3.3-V LVCMOS ; 0 s                 ; 0 s                 ; 3.08 V                       ; 2.3e-06 V                    ; 3.1 V               ; -0.0196 V           ; 0.191 V                              ; 0.261 V                              ; 1.03e-09 s                  ; 1.05e-09 s                  ; Yes                        ; Yes                        ; 3.08 V                      ; 2.3e-06 V                   ; 3.1 V              ; -0.0196 V          ; 0.191 V                             ; 0.261 V                             ; 1.03e-09 s                 ; 1.05e-09 s                 ; Yes                       ; Yes                       ;
; oLED[13]     ; 3.3-V LVCMOS ; 0 s                 ; 0 s                 ; 3.08 V                       ; 2.3e-06 V                    ; 3.1 V               ; -0.0199 V           ; 0.191 V                              ; 0.262 V                              ; 1.03e-09 s                  ; 1.05e-09 s                  ; Yes                        ; Yes                        ; 3.08 V                      ; 2.3e-06 V                   ; 3.1 V              ; -0.0199 V          ; 0.191 V                             ; 0.262 V                             ; 1.03e-09 s                 ; 1.05e-09 s                 ; Yes                       ; Yes                       ;
; oLED[14]     ; 3.3-V LVCMOS ; 0 s                 ; 0 s                 ; 3.08 V                       ; 2.3e-06 V                    ; 3.1 V               ; -0.0196 V           ; 0.191 V                              ; 0.261 V                              ; 1.03e-09 s                  ; 1.05e-09 s                  ; Yes                        ; Yes                        ; 3.08 V                      ; 2.3e-06 V                   ; 3.1 V              ; -0.0196 V          ; 0.191 V                             ; 0.261 V                             ; 1.03e-09 s                 ; 1.05e-09 s                 ; Yes                       ; Yes                       ;
; oLED[15]     ; 3.3-V LVCMOS ; 0 s                 ; 0 s                 ; 3.08 V                       ; 2.3e-06 V                    ; 3.1 V               ; -0.0199 V           ; 0.191 V                              ; 0.262 V                              ; 1.03e-09 s                  ; 1.05e-09 s                  ; Yes                        ; Yes                        ; 3.08 V                      ; 2.3e-06 V                   ; 3.1 V              ; -0.0199 V          ; 0.191 V                             ; 0.262 V                             ; 1.03e-09 s                 ; 1.05e-09 s                 ; Yes                       ; Yes                       ;
; ~ALTERA_TDO~ ; 3.3-V LVCMOS ; 0 s                 ; 0 s                 ; 3.08 V                       ; 1.3e-06 V                    ; 3.15 V              ; -0.0682 V           ; 0.279 V                              ; 0.237 V                              ; 4.81e-10 s                  ; 6.4e-10 s                   ; Yes                        ; No                         ; 3.08 V                      ; 1.3e-06 V                   ; 3.15 V             ; -0.0682 V          ; 0.279 V                             ; 0.237 V                             ; 4.81e-10 s                 ; 6.4e-10 s                  ; Yes                       ; No                        ;
+--------------+--------------+---------------------+---------------------+------------------------------+------------------------------+---------------------+---------------------+--------------------------------------+--------------------------------------+-----------------------------+-----------------------------+----------------------------+----------------------------+-----------------------------+-----------------------------+--------------------+--------------------+-------------------------------------+-------------------------------------+----------------------------+----------------------------+---------------------------+---------------------------+


+-------------------------------------------------------------------------------------------------------------------------------------------------------------------------------------------------------------------------------------------------------------------------------------------------------------------------------------------------------------------------------------------------------------------------------------------------------------------------------------------------------------------------------------------------------------------------------------------------------------------------------------------------------------------------------------------+
; Signal Integrity Metrics (Fast 1200mv 0c Model)                                                                                                                                                                                                                                                                                                                                                                                                                                                                                                                                                                                                                                           ;
+--------------+--------------+---------------------+---------------------+------------------------------+------------------------------+---------------------+---------------------+--------------------------------------+--------------------------------------+-----------------------------+-----------------------------+----------------------------+----------------------------+-----------------------------+-----------------------------+--------------------+--------------------+-------------------------------------+-------------------------------------+----------------------------+----------------------------+---------------------------+---------------------------+
; Pin          ; I/O Standard ; Board Delay on Rise ; Board Delay on Fall ; Steady State Voh at FPGA Pin ; Steady State Vol at FPGA Pin ; Voh Max at FPGA Pin ; Vol Min at FPGA Pin ; Ringback Voltage on Rise at FPGA Pin ; Ringback Voltage on Fall at FPGA Pin ; 10-90 Rise Time at FPGA Pin ; 90-10 Fall Time at FPGA Pin ; Monotonic Rise at FPGA Pin ; Monotonic Fall at FPGA Pin ; Steady State Voh at Far-end ; Steady State Vol at Far-end ; Voh Max at Far-end ; Vol Min at Far-end ; Ringback Voltage on Rise at Far-end ; Ringback Voltage on Fall at Far-end ; 10-90 Rise Time at Far-end ; 90-10 Fall Time at Far-end ; Monotonic Rise at Far-end ; Monotonic Fall at Far-end ;
+--------------+--------------+---------------------+---------------------+------------------------------+------------------------------+---------------------+---------------------+--------------------------------------+--------------------------------------+-----------------------------+-----------------------------+----------------------------+----------------------------+-----------------------------+-----------------------------+--------------------+--------------------+-------------------------------------+-------------------------------------+----------------------------+----------------------------+---------------------------+---------------------------+
; oLED[0]      ; 3.3-V LVCMOS ; 0 s                 ; 0 s                 ; 3.46 V                       ; 8.93e-07 V                   ; 3.53 V              ; -0.0306 V           ; 0.247 V                              ; 0.251 V                              ; 6.54e-10 s                  ; 6.68e-10 s                  ; No                         ; Yes                        ; 3.46 V                      ; 8.93e-07 V                  ; 3.53 V             ; -0.0306 V          ; 0.247 V                             ; 0.251 V                             ; 6.54e-10 s                 ; 6.68e-10 s                 ; No                        ; Yes                       ;
; oLED[1]      ; 3.3-V LVCMOS ; 0 s                 ; 0 s                 ; 3.46 V                       ; 8.93e-07 V                   ; 3.53 V              ; -0.0306 V           ; 0.247 V                              ; 0.251 V                              ; 6.54e-10 s                  ; 6.68e-10 s                  ; No                         ; Yes                        ; 3.46 V                      ; 8.93e-07 V                  ; 3.53 V             ; -0.0306 V          ; 0.247 V                             ; 0.251 V                             ; 6.54e-10 s                 ; 6.68e-10 s                 ; No                        ; Yes                       ;
; oLED[2]      ; 3.3-V LVCMOS ; 0 s                 ; 0 s                 ; 3.46 V                       ; 8.93e-07 V                   ; 3.53 V              ; -0.0306 V           ; 0.247 V                              ; 0.252 V                              ; 6.55e-10 s                  ; 6.68e-10 s                  ; No                         ; Yes                        ; 3.46 V                      ; 8.93e-07 V                  ; 3.53 V             ; -0.0306 V          ; 0.247 V                             ; 0.252 V                             ; 6.55e-10 s                 ; 6.68e-10 s                 ; No                        ; Yes                       ;
; oLED[3]      ; 3.3-V LVCMOS ; 0 s                 ; 0 s                 ; 3.46 V                       ; 8.93e-07 V                   ; 3.53 V              ; -0.0306 V           ; 0.247 V                              ; 0.251 V                              ; 6.54e-10 s                  ; 6.68e-10 s                  ; No                         ; Yes                        ; 3.46 V                      ; 8.93e-07 V                  ; 3.53 V             ; -0.0306 V          ; 0.247 V                             ; 0.251 V                             ; 6.54e-10 s                 ; 6.68e-10 s                 ; No                        ; Yes                       ;
; oLED[4]      ; 3.3-V LVCMOS ; 0 s                 ; 0 s                 ; 3.46 V                       ; 8.93e-07 V                   ; 3.53 V              ; -0.0306 V           ; 0.247 V                              ; 0.252 V                              ; 6.55e-10 s                  ; 6.68e-10 s                  ; No                         ; Yes                        ; 3.46 V                      ; 8.93e-07 V                  ; 3.53 V             ; -0.0306 V          ; 0.247 V                             ; 0.252 V                             ; 6.55e-10 s                 ; 6.68e-10 s                 ; No                        ; Yes                       ;
; oLED[5]      ; 3.3-V LVCMOS ; 0 s                 ; 0 s                 ; 3.46 V                       ; 8.93e-07 V                   ; 3.53 V              ; -0.0306 V           ; 0.247 V                              ; 0.252 V                              ; 6.55e-10 s                  ; 6.68e-10 s                  ; No                         ; Yes                        ; 3.46 V                      ; 8.93e-07 V                  ; 3.53 V             ; -0.0306 V          ; 0.247 V                             ; 0.252 V                             ; 6.55e-10 s                 ; 6.68e-10 s                 ; No                        ; Yes                       ;
; oLED[6]      ; 3.3-V LVCMOS ; 0 s                 ; 0 s                 ; 3.46 V                       ; 8.93e-07 V                   ; 3.53 V              ; -0.0306 V           ; 0.247 V                              ; 0.252 V                              ; 6.55e-10 s                  ; 6.68e-10 s                  ; No                         ; Yes                        ; 3.46 V                      ; 8.93e-07 V                  ; 3.53 V             ; -0.0306 V          ; 0.247 V                             ; 0.252 V                             ; 6.55e-10 s                 ; 6.68e-10 s                 ; No                        ; Yes                       ;
; oLED[7]      ; 3.3-V LVCMOS ; 0 s                 ; 0 s                 ; 3.46 V                       ; 8.93e-07 V                   ; 3.53 V              ; -0.0306 V           ; 0.247 V                              ; 0.251 V                              ; 6.54e-10 s                  ; 6.68e-10 s                  ; No                         ; Yes                        ; 3.46 V                      ; 8.93e-07 V                  ; 3.53 V             ; -0.0306 V          ; 0.247 V                             ; 0.251 V                             ; 6.54e-10 s                 ; 6.68e-10 s                 ; No                        ; Yes                       ;
; oLED[8]      ; 3.3-V LVCMOS ; 0 s                 ; 0 s                 ; 3.46 V                       ; 8.93e-07 V                   ; 3.53 V              ; -0.0306 V           ; 0.247 V                              ; 0.251 V                              ; 6.54e-10 s                  ; 6.68e-10 s                  ; No                         ; Yes                        ; 3.46 V                      ; 8.93e-07 V                  ; 3.53 V             ; -0.0306 V          ; 0.247 V                             ; 0.251 V                             ; 6.54e-10 s                 ; 6.68e-10 s                 ; No                        ; Yes                       ;
; oLED[9]      ; 3.3-V LVCMOS ; 0 s                 ; 0 s                 ; 3.46 V                       ; 8.93e-07 V                   ; 3.53 V              ; -0.0306 V           ; 0.247 V                              ; 0.252 V                              ; 6.55e-10 s                  ; 6.68e-10 s                  ; No                         ; Yes                        ; 3.46 V                      ; 8.93e-07 V                  ; 3.53 V             ; -0.0306 V          ; 0.247 V                             ; 0.252 V                             ; 6.55e-10 s                 ; 6.68e-10 s                 ; No                        ; Yes                       ;
; oLED[10]     ; 3.3-V LVCMOS ; 0 s                 ; 0 s                 ; 3.46 V                       ; 8.93e-07 V                   ; 3.53 V              ; -0.0306 V           ; 0.247 V                              ; 0.252 V                              ; 6.55e-10 s                  ; 6.68e-10 s                  ; No                         ; Yes                        ; 3.46 V                      ; 8.93e-07 V                  ; 3.53 V             ; -0.0306 V          ; 0.247 V                             ; 0.252 V                             ; 6.55e-10 s                 ; 6.68e-10 s                 ; No                        ; Yes                       ;
; oLED[11]     ; 3.3-V LVCMOS ; 0 s                 ; 0 s                 ; 3.46 V                       ; 8.93e-07 V                   ; 3.47 V              ; -0.00243 V          ; 0.341 V                              ; 0.276 V                              ; 6.73e-09 s                  ; 7.16e-09 s                  ; No                         ; Yes                        ; 3.46 V                      ; 8.93e-07 V                  ; 3.47 V             ; -0.00243 V         ; 0.341 V                             ; 0.276 V                             ; 6.73e-09 s                 ; 7.16e-09 s                 ; No                        ; Yes                       ;
; oLED[12]     ; 3.3-V LVCMOS ; 0 s                 ; 0 s                 ; 3.46 V                       ; 8.93e-07 V                   ; 3.53 V              ; -0.0306 V           ; 0.247 V                              ; 0.252 V                              ; 6.55e-10 s                  ; 6.68e-10 s                  ; No                         ; Yes                        ; 3.46 V                      ; 8.93e-07 V                  ; 3.53 V             ; -0.0306 V          ; 0.247 V                             ; 0.252 V                             ; 6.55e-10 s                 ; 6.68e-10 s                 ; No                        ; Yes                       ;
; oLED[13]     ; 3.3-V LVCMOS ; 0 s                 ; 0 s                 ; 3.46 V                       ; 8.93e-07 V                   ; 3.53 V              ; -0.0306 V           ; 0.247 V                              ; 0.251 V                              ; 6.54e-10 s                  ; 6.68e-10 s                  ; No                         ; Yes                        ; 3.46 V                      ; 8.93e-07 V                  ; 3.53 V             ; -0.0306 V          ; 0.247 V                             ; 0.251 V                             ; 6.54e-10 s                 ; 6.68e-10 s                 ; No                        ; Yes                       ;
; oLED[14]     ; 3.3-V LVCMOS ; 0 s                 ; 0 s                 ; 3.46 V                       ; 8.93e-07 V                   ; 3.53 V              ; -0.0306 V           ; 0.247 V                              ; 0.252 V                              ; 6.55e-10 s                  ; 6.68e-10 s                  ; No                         ; Yes                        ; 3.46 V                      ; 8.93e-07 V                  ; 3.53 V             ; -0.0306 V          ; 0.247 V                             ; 0.252 V                             ; 6.55e-10 s                 ; 6.68e-10 s                 ; No                        ; Yes                       ;
; oLED[15]     ; 3.3-V LVCMOS ; 0 s                 ; 0 s                 ; 3.46 V                       ; 8.93e-07 V                   ; 3.53 V              ; -0.0306 V           ; 0.247 V                              ; 0.251 V                              ; 6.54e-10 s                  ; 6.68e-10 s                  ; No                         ; Yes                        ; 3.46 V                      ; 8.93e-07 V                  ; 3.53 V             ; -0.0306 V          ; 0.247 V                             ; 0.251 V                             ; 6.54e-10 s                 ; 6.68e-10 s                 ; No                        ; Yes                       ;
; ~ALTERA_TDO~ ; 3.3-V LVCMOS ; 0 s                 ; 0 s                 ; 3.46 V                       ; 5.04e-07 V                   ; 3.64 V              ; -0.0201 V           ; 0.391 V                              ; 0.088 V                              ; 2.79e-10 s                  ; 3.95e-10 s                  ; No                         ; Yes                        ; 3.46 V                      ; 5.04e-07 V                  ; 3.64 V             ; -0.0201 V          ; 0.391 V                             ; 0.088 V                             ; 2.79e-10 s                 ; 3.95e-10 s                 ; No                        ; Yes                       ;
+--------------+--------------+---------------------+---------------------+------------------------------+------------------------------+---------------------+---------------------+--------------------------------------+--------------------------------------+-----------------------------+-----------------------------+----------------------------+----------------------------+-----------------------------+-----------------------------+--------------------+--------------------+-------------------------------------+-------------------------------------+----------------------------+----------------------------+---------------------------+---------------------------+


+--------------------------------------------------------------------+
; Setup Transfers                                                    ;
+------------+----------+-----------+----------+----------+----------+
; From Clock ; To Clock ; RR Paths  ; FR Paths ; RF Paths ; FF Paths ;
+------------+----------+-----------+----------+----------+----------+
; iCLK       ; iCLK     ; 666327570 ; 0        ; 0        ; 0        ;
+------------+----------+-----------+----------+----------+----------+
Entries labeled "false path" only account for clock-to-clock false paths and not path-based false paths. As a result, actual path counts may be lower than reported.


+--------------------------------------------------------------------+
; Hold Transfers                                                     ;
+------------+----------+-----------+----------+----------+----------+
; From Clock ; To Clock ; RR Paths  ; FR Paths ; RF Paths ; FF Paths ;
+------------+----------+-----------+----------+----------+----------+
; iCLK       ; iCLK     ; 666327570 ; 0        ; 0        ; 0        ;
+------------+----------+-----------+----------+----------+----------+
Entries labeled "false path" only account for clock-to-clock false paths and not path-based false paths. As a result, actual path counts may be lower than reported.


---------------
; Report TCCS ;
---------------
No dedicated SERDES Transmitter circuitry present in device or used in design


---------------
; Report RSKM ;
---------------
No non-DPA dedicated SERDES Receiver circuitry present in device or used in design


+------------------------------------------------+
; Unconstrained Paths Summary                    ;
+---------------------------------+-------+------+
; Property                        ; Setup ; Hold ;
+---------------------------------+-------+------+
; Illegal Clocks                  ; 0     ; 0    ;
; Unconstrained Clocks            ; 0     ; 0    ;
; Unconstrained Input Ports       ; 0     ; 0    ;
; Unconstrained Input Port Paths  ; 0     ; 0    ;
; Unconstrained Output Ports      ; 0     ; 0    ;
; Unconstrained Output Port Paths ; 0     ; 0    ;
+---------------------------------+-------+------+


+-------------------------------------+
; Clock Status Summary                ;
+--------+-------+------+-------------+
; Target ; Clock ; Type ; Status      ;
+--------+-------+------+-------------+
; iCLK   ; iCLK  ; Base ; Constrained ;
+--------+-------+------+-------------+


+--------------------------+
; Timing Analyzer Messages ;
+--------------------------+
Info: *******************************************************************
Info: Running Quartus Prime Timing Analyzer
    Info: Version 18.0.0 Build 614 04/24/2018 SJ Lite Edition
    Info: Processing started: Mon Jan 10 17:43:00 2022
Info: Command: quartus_sta LPRS1_CPU -c LPRS1_CPU
Info: qsta_default_script.tcl version: #2
Info (20032): Parallel compilation is enabled and will use up to 4 processors
Warning (20031): Parallel compilation is enabled for 4 processors, but there are only 2 processors in the system. Runtime may increase due to over usage of the processor space.
Info (21077): Low junction temperature is 0 degrees C
Info (21077): High junction temperature is 85 degrees C
Info (332104): Reading SDC File: 'src/hdl/max1000_timing.sdc'
Info (332151): Clock uncertainty is not calculated until you update the timing netlist.
Info (332123): Deriving Clock Uncertainty. Please refer to report_sdc in the Timing Analyzer to see clock uncertainties.
Info: Found TIMING_ANALYZER_REPORT_SCRIPT_INCLUDE_DEFAULT_ANALYSIS = ON
Info: Analyzing Slow 1200mV 85C Model
Info: Can't run Report Timing Closure Recommendations. The current device family is not supported.
Critical Warning (332148): Timing requirements not met
Info (332146): Worst-case setup slack is -21.964
    Info (332119):     Slack       End Point TNS Clock 
    Info (332119): ========= =================== =====================
    Info (332119):   -21.964          -80353.647 iCLK 
Info (332146): Worst-case hold slack is 0.713
    Info (332119):     Slack       End Point TNS Clock 
    Info (332119): ========= =================== =====================
    Info (332119):     0.713               0.000 iCLK 
Info (332140): No Recovery paths to report
Info (332140): No Removal paths to report
Info (332146): Worst-case minimum pulse width slack is 0.000
    Info (332119):     Slack       End Point TNS Clock 
    Info (332119): ========= =================== =====================
    Info (332119):     0.000               0.000 iCLK 
Info: Analyzing Slow 1200mV 0C Model
Info (334003): Started post-fitting delay annotation
Info (334004): Delay annotation completed successfully
Info (332123): Deriving Clock Uncertainty. Please refer to report_sdc in the Timing Analyzer to see clock uncertainties.
Critical Warning (332148): Timing requirements not met
Info (332146): Worst-case setup slack is -20.910
    Info (332119):     Slack       End Point TNS Clock 
    Info (332119): ========= =================== =====================
    Info (332119):   -20.910          -75914.990 iCLK 
Info (332146): Worst-case hold slack is 0.654
    Info (332119):     Slack       End Point TNS Clock 
    Info (332119): ========= =================== =====================
    Info (332119):     0.654               0.000 iCLK 
Info (332140): No Recovery paths to report
Info (332140): No Removal paths to report
Info (332146): Worst-case minimum pulse width slack is 0.000
    Info (332119):     Slack       End Point TNS Clock 
    Info (332119): ========= =================== =====================
    Info (332119):     0.000               0.000 iCLK 
Info: Analyzing Fast 1200mV 0C Model
Info (332123): Deriving Clock Uncertainty. Please refer to report_sdc in the Timing Analyzer to see clock uncertainties.
Critical Warning (332148): Timing requirements not met
Info (332146): Worst-case setup slack is -6.682
    Info (332119):     Slack       End Point TNS Clock 
    Info (332119): ========= =================== =====================
    Info (332119):    -6.682          -22920.536 iCLK 
Info (332146): Worst-case hold slack is 0.252
    Info (332119):     Slack       End Point TNS Clock 
    Info (332119): ========= =================== =====================
    Info (332119):     0.252               0.000 iCLK 
Info (332140): No Recovery paths to report
Info (332140): No Removal paths to report
Info (332146): Worst-case minimum pulse width slack is 0.000
    Info (332119):     Slack       End Point TNS Clock 
    Info (332119): ========= =================== =====================
    Info (332119):     0.000               0.000 iCLK 
Info (332101): Design is fully constrained for setup requirements
Info (332101): Design is fully constrained for hold requirements
Info: Quartus Prime Timing Analyzer was successful. 0 errors, 4 warnings
    Info: Peak virtual memory: 4833 megabytes
    Info: Processing ended: Mon Jan 10 17:43:13 2022
    Info: Elapsed time: 00:00:13
    Info: Total CPU time (on all processors): 00:00:27


